{"level":"\u001b[32minfo\u001b[39m","message":"Server started succesfully on port :5000","timestamp":"2024-11-13T06:24:32.510Z"}
{"level":"\u001b[32minfo\u001b[39m","message":"Server started succesfully on port :5000","timestamp":"2024-11-13T06:38:02.520Z"}
{"level":"\u001b[32minfo\u001b[39m","message":"Server started succesfully on port :5000","timestamp":"2024-11-13T08:14:43.542Z"}
{"level":"\u001b[32minfo\u001b[39m","message":"Server started succesfully on port :5000","timestamp":"2024-11-13T08:17:50.048Z"}
{"level":"\u001b[32minfo\u001b[39m","message":"Server started succesfully on port :5000","timestamp":"2024-11-13T08:51:06.086Z"}
{"level":"\u001b[32minfo\u001b[39m","message":"Server started succesfully on port :5000","timestamp":"2024-11-13T08:52:30.010Z"}
{"level":"\u001b[32minfo\u001b[39m","message":"Server started succesfully on port :5000","timestamp":"2024-11-13T08:53:05.008Z"}
{"level":"\u001b[32minfo\u001b[39m","message":"Server started succesfully on port :5000","timestamp":"2024-11-13T08:54:48.930Z"}
{"level":"\u001b[32minfo\u001b[39m","message":"Server started succesfully on port :5000","timestamp":"2024-11-13T08:58:50.563Z"}
{"level":"\u001b[32minfo\u001b[39m","message":"Server started succesfully on port :5000","timestamp":"2024-11-13T08:59:45.737Z"}
{"level":"\u001b[32minfo\u001b[39m","message":"Server started succesfully on port :5000","timestamp":"2024-11-13T09:20:32.012Z"}
{"level":"\u001b[32minfo\u001b[39m","message":"Server started succesfully on port :5000","timestamp":"2024-11-13T09:27:54.897Z"}
{"level":"\u001b[32minfo\u001b[39m","message":"Server started succesfully on port :5000","timestamp":"2024-11-13T09:30:17.207Z"}
{"level":"\u001b[32minfo\u001b[39m","message":"MongoDb connect successful","timestamp":"2024-11-13T09:30:17.835Z"}
{"level":"\u001b[32minfo\u001b[39m","message":"Server started succesfully on port :5000","timestamp":"2024-11-13T10:07:35.831Z"}
{"level":"\u001b[31merror\u001b[39m","message":" Error in connecting to data base","timestamp":"2024-11-13T10:07:36.458Z"}
{"level":"\u001b[32minfo\u001b[39m","message":"Server started succesfully on port :5000","timestamp":"2024-11-13T10:09:04.853Z"}
{"level":"\u001b[31merror\u001b[39m","message":" Error in connecting to data base","timestamp":"2024-11-13T10:09:05.498Z"}
{"level":"\u001b[32minfo\u001b[39m","message":"Server started succesfully on port :5000","timestamp":"2024-11-13T10:10:59.614Z"}
{"level":"\u001b[32minfo\u001b[39m","message":"MongoDb connection successful","timestamp":"2024-11-13T10:11:00.511Z"}
{"level":"\u001b[32minfo\u001b[39m","message":"Server started succesfully on port :5000","timestamp":"2024-11-13T10:14:18.367Z"}
{"level":"\u001b[32minfo\u001b[39m","message":"MongoDb connection successful","timestamp":"2024-11-13T10:14:19.079Z"}
{"level":"\u001b[32minfo\u001b[39m","message":"Server started succesfully on port :5000","timestamp":"2024-11-13T10:17:00.135Z"}
{"level":"\u001b[32minfo\u001b[39m","message":"MongoDb connection successful","timestamp":"2024-11-13T10:17:00.770Z"}
{"level":"\u001b[32minfo\u001b[39m","message":"Server started succesfully on port :5000","timestamp":"2024-11-13T10:20:50.509Z"}
{"level":"\u001b[32minfo\u001b[39m","message":"MongoDb connection successful","timestamp":"2024-11-13T10:20:51.142Z"}
{"level":"\u001b[32minfo\u001b[39m","message":"new datbase success","timestamp":"2024-11-13T10:20:59.305Z"}
{"level":"\u001b[32minfo\u001b[39m","message":"{\"method\":\"GET\",\"url\":\"/\",\"status\":\"200\",\"responseTime\":\"182.671\"}","timestamp":"2024-11-13T10:20:59.313Z"}
{"level":"\u001b[32minfo\u001b[39m","message":"{\"method\":\"GET\",\"url\":\"/favicon.ico\",\"status\":\"404\",\"responseTime\":\"2.722\"}","timestamp":"2024-11-13T10:20:59.439Z"}
{"level":"\u001b[32minfo\u001b[39m","message":"Server started succesfully on port :5000","timestamp":"2024-11-14T17:18:50.576Z"}
{"level":"\u001b[32minfo\u001b[39m","message":"MongoDb connection successful","timestamp":"2024-11-14T17:18:51.239Z"}
